Build started 2013/5/19 18:46:16.
     1>Project "E:\Projects\CMakeTest\t2\vsbuilt\src\hello.vcxproj" on node 3 (build target(s)).
     1>PrepareForBuild:
         Creating directory "E:\Projects\CMakeTest\t2\vsbuilt\bin\Debug\".
       InitializeBuildStatus:
         Creating "hello.dir\Debug\hello.unsuccessfulbuild" because "AlwaysCreate" was specified.
       CustomBuild:
         Building Custom Rule E:/Projects/CMakeTest/t2/src/CMakeLists.txt
         CMake does not need to re-run because E:\Projects\CMakeTest\t2\vsbuilt\src\CMakeFiles\generate.stamp is up-to-date.
       ClCompile:
         D:\Program Files\Microsoft Visual Studio 10.0\VC\bin\CL.exe /c /Zi /nologo /W3 /WX- /Od /Ob0 /Oy- /D WIN32 /D _WINDOWS /D _DEBUG /D "CMAKE_INTDIR=\"Debug\"" /D _MBCS /Gm- /RTC1 /MDd /GS /fp:precise /Zc:wchar_t /Zc:forScope /Fo"hello.dir\Debug\\" /Fd"E:/Projects/CMakeTest/t2/vsbuilt/bin/Debug/hello.pdb" /Gd /TC /analyze- /errorReport:prompt ..\..\src\main.c  /Zm1000 
         main.c
       ManifestResourceCompile:
         C:\Program Files\Microsoft SDKs\Windows\v7.0A\bin\rc.exe /nologo /fo"hello.dir\Debug\hello.exe.embed.manifest.res" hello.dir\Debug\hello_manifest.rc 
       Link:
         D:\Program Files\Microsoft Visual Studio 10.0\VC\bin\link.exe /ERRORREPORT:PROMPT /OUT:"E:\Projects\CMakeTest\t2\vsbuilt\bin\Debug\hello.exe" /INCREMENTAL /NOLOGO kernel32.lib user32.lib gdi32.lib winspool.lib shell32.lib ole32.lib oleaut32.lib uuid.lib comdlg32.lib advapi32.lib /MANIFEST /ManifestFile:"hello.dir\Debug\hello.exe.intermediate.manifest" /MANIFESTUAC:"level='asInvoker' uiAccess='false'" /DEBUG /PDB:"E:/Projects/CMakeTest/t2/vsbuilt/bin/Debug/hello.pdb" /SUBSYSTEM:CONSOLE /STACK:"10000000" /TLBID:1 /DYNAMICBASE /NXCOMPAT /IMPLIB:"E:/Projects/CMakeTest/t2/vsbuilt/bin/Debug/hello.lib" /MACHINE:X86 hello.dir\Debug\hello.exe.embed.manifest.res
         hello.dir\Debug\main.obj  /machine:X86 /debug 
       Manifest:
         C:\Program Files\Microsoft SDKs\Windows\v7.0A\bin\mt.exe /nologo /verbose /out:"hello.dir\Debug\hello.exe.embed.manifest" /manifest hello.dir\Debug\hello.exe.intermediate.manifest
         C:\Program Files\Microsoft SDKs\Windows\v7.0A\bin\rc.exe /nologo /fo"hello.dir\Debug\hello.exe.embed.manifest.res" hello.dir\Debug\hello_manifest.rc 
       LinkEmbedManifest:
         D:\Program Files\Microsoft Visual Studio 10.0\VC\bin\link.exe /ERRORREPORT:PROMPT /OUT:"E:\Projects\CMakeTest\t2\vsbuilt\bin\Debug\hello.exe" /INCREMENTAL /NOLOGO kernel32.lib user32.lib gdi32.lib winspool.lib shell32.lib ole32.lib oleaut32.lib uuid.lib comdlg32.lib advapi32.lib /MANIFEST /ManifestFile:"hello.dir\Debug\hello.exe.intermediate.manifest" /MANIFESTUAC:"level='asInvoker' uiAccess='false'" /DEBUG /PDB:"E:/Projects/CMakeTest/t2/vsbuilt/bin/Debug/hello.pdb" /SUBSYSTEM:CONSOLE /STACK:"10000000" /TLBID:1 /DYNAMICBASE /NXCOMPAT /IMPLIB:"E:/Projects/CMakeTest/t2/vsbuilt/bin/Debug/hello.lib" /MACHINE:X86 hello.dir\Debug\hello.exe.embed.manifest.res
         hello.dir\Debug\main.obj  /machine:X86 /debug 
         hello.vcxproj -> E:\Projects\CMakeTest\t2\vsbuilt\bin\Debug\hello.exe
       FinalizeBuildStatus:
         Deleting file "hello.dir\Debug\hello.unsuccessfulbuild".
         Touching "hello.dir\Debug\hello.lastbuildstate".
     1>Done Building Project "E:\Projects\CMakeTest\t2\vsbuilt\src\hello.vcxproj" (build target(s)).

Build succeeded.

Time Elapsed 00:00:01.58
